✅ API server: http://localhost:3001
Error: Not allowed by CORS
    at origin (D:\museum\museum-api\src\index.ts:21:8)
    at D:\museum\museum-api\node_modules\cors\lib\index.js:219:13
    at optionsCallback (D:\museum\museum-api\node_modules\cors\lib\index.js:199:9)
    at corsMiddleware (D:\museum\museum-api\node_modules\cors\lib\index.js:204:7)
    at Layer.handle [as handle_request] (D:\museum\museum-api\node_modules\express\lib\router\layer.js:95:5)
    at trim_prefix (D:\museum\museum-api\node_modules\express\lib\router\index.js:328:13)
    at D:\museum\museum-api\node_modules\express\lib\router\index.js:286:9
    at Function.process_params (D:\museum\museum-api\node_modules\express\lib\router\index.js:346:12)
    at next (D:\museum\museum-api\node_modules\express\lib\router\index.js:280:10)
    at expressInit (D:\museum\museum-api\node_modules\express\lib\middleware\init.js:40:5)
Error: Not allowed by CORS
    at origin (D:\museum\museum-api\src\index.ts:21:8)
    at D:\museum\museum-api\node_modules\cors\lib\index.js:219:13
    at optionsCallback (D:\museum\museum-api\node_modules\cors\lib\index.js:199:9)
    at corsMiddleware (D:\museum\museum-api\node_modules\cors\lib\index.js:204:7)
    at Layer.handle [as handle_request] (D:\museum\museum-api\node_modules\express\lib\router\layer.js:95:5)
    at trim_prefix (D:\museum\museum-api\node_modules\express\lib\router\index.js:328:13)
    at D:\museum\museum-api\node_modules\express\lib\router\index.js:286:9
    at Function.process_params (D:\museum\museum-api\node_modules\express\lib\router\index.js:346:12)
    at next (D:\museum\museum-api\node_modules\express\lib\router\index.js:280:10)
    at expressInit (D:\museum\museum-api\node_modules\express\lib\middleware\init.js:40:5)
Error: Not allowed by CORS
    at origin (D:\museum\museum-api\src\index.ts:21:8)
    at D:\museum\museum-api\node_modules\cors\lib\index.js:219:13
    at optionsCallback (D:\museum\museum-api\node_modules\cors\lib\index.js:199:9)
    at corsMiddleware (D:\museum\museum-api\node_modules\cors\lib\index.js:204:7)
    at Layer.handle [as handle_request] (D:\museum\museum-api\node_modules\express\lib\router\layer.js:95:5)
    at trim_prefix (D:\museum\museum-api\node_modules\express\lib\router\index.js:328:13)
    at D:\museum\museum-api\node_modules\express\lib\router\index.js:286:9
    at Function.process_params (D:\museum\museum-api\node_modules\express\lib\router\index.js:346:12)
    at next (D:\museum\museum-api\node_modules\express\lib\router\index.js:280:10)
    at expressInit (D:\museum\museum-api\node_modules\express\lib\middleware\init.js:40:5)
Error: Not allowed by CORS
    at origin (D:\museum\museum-api\src\index.ts:21:8)
    at D:\museum\museum-api\node_modules\cors\lib\index.js:219:13
    at optionsCallback (D:\museum\museum-api\node_modules\cors\lib\index.js:199:9)
    at corsMiddleware (D:\museum\museum-api\node_modules\cors\lib\index.js:204:7)
    at Layer.handle [as handle_request] (D:\museum\museum-api\node_modules\express\lib\router\layer.js:95:5)
    at trim_prefix (D:\museum\museum-api\node_modules\express\lib\router\index.js:328:13)
    at D:\museum\museum-api\node_modules\express\lib\router\index.js:286:9
    at Function.process_params (D:\museum\museum-api\node_modules\express\lib\router\index.js:346:12)
    at next (D:\museum\museum-api\node_modules\express\lib\router\index.js:280:10)
    at expressInit (D:\museum\museum-api\node_modules\express\lib\middleware\init.js:40:5)
Error: Not allowed by CORS
    at origin (D:\museum\museum-api\src\index.ts:21:8)
    at D:\museum\museum-api\node_modules\cors\lib\index.js:219:13
    at optionsCallback (D:\museum\museum-api\node_modules\cors\lib\index.js:199:9)
    at corsMiddleware (D:\museum\museum-api\node_modules\cors\lib\index.js:204:7)
    at Layer.handle [as handle_request] (D:\museum\museum-api\node_modules\express\lib\router\layer.js:95:5)
    at trim_prefix (D:\museum\museum-api\node_modules\express\lib\router\index.js:328:13)
    at D:\museum\museum-api\node_modules\express\lib\router\index.js:286:9
    at Function.process_params (D:\museum\museum-api\node_modules\express\lib\router\index.js:346:12)
    at next (D:\museum\museum-api\node_modules\express\lib\router\index.js:280:10)
    at expressInit (D:\museum\museum-api\node_modules\express\lib\middleware\init.js:40:5)
Error: Not allowed by CORS
    at origin (D:\museum\museum-api\src\index.ts:21:8)
    at D:\museum\museum-api\node_modules\cors\lib\index.js:219:13
    at optionsCallback (D:\museum\museum-api\node_modules\cors\lib\index.js:199:9)
    at corsMiddleware (D:\museum\museum-api\node_modules\cors\lib\index.js:204:7)
    at Layer.handle [as handle_request] (D:\museum\museum-api\node_modules\express\lib\router\layer.js:95:5)
    at trim_prefix (D:\museum\museum-api\node_modules\express\lib\router\index.js:328:13)
    at D:\museum\museum-api\node_modules\express\lib\router\index.js:286:9
    at Function.process_params (D:\museum\museum-api\node_modules\express\lib\router\index.js:346:12)
    at next (D:\museum\museum-api\node_modules\express\lib\router\index.js:280:10)
    at expressInit (D:\museum\museum-api\node_modules\express\lib\middleware\init.js:40:5)
Error: Not allowed by CORS
    at origin (D:\museum\museum-api\src\index.ts:21:8)
    at D:\museum\museum-api\node_modules\cors\lib\index.js:219:13
    at optionsCallback (D:\museum\museum-api\node_modules\cors\lib\index.js:199:9)
    at corsMiddleware (D:\museum\museum-api\node_modules\cors\lib\index.js:204:7)
    at Layer.handle [as handle_request] (D:\museum\museum-api\node_modules\express\lib\router\layer.js:95:5)
    at trim_prefix (D:\museum\museum-api\node_modules\express\lib\router\index.js:328:13)
    at D:\museum\museum-api\node_modules\express\lib\router\index.js:286:9
    at Function.process_params (D:\museum\museum-api\node_modules\express\lib\router\index.js:346:12)
    at next (D:\museum\museum-api\node_modules\express\lib\router\index.js:280:10)
    at expressInit (D:\museum\museum-api\node_modules\express\lib\middleware\init.js:40:5)
Error: Not allowed by CORS
    at origin (D:\museum\museum-api\src\index.ts:21:8)
    at D:\museum\museum-api\node_modules\cors\lib\index.js:219:13
    at optionsCallback (D:\museum\museum-api\node_modules\cors\lib\index.js:199:9)
    at corsMiddleware (D:\museum\museum-api\node_modules\cors\lib\index.js:204:7)
    at Layer.handle [as handle_request] (D:\museum\museum-api\node_modules\express\lib\router\layer.js:95:5)
    at trim_prefix (D:\museum\museum-api\node_modules\express\lib\router\index.js:328:13)
    at D:\museum\museum-api\node_modules\express\lib\router\index.js:286:9
    at Function.process_params (D:\museum\museum-api\node_modules\express\lib\router\index.js:346:12)
    at next (D:\museum\museum-api\node_modules\express\lib\router\index.js:280:10)
    at expressInit (D:\museum\museum-api\node_modules\express\lib\middleware\init.js:40:5)
